<?xml version="1.0" encoding="UTF-8"?>
<!-- Generated by org.testng.reporters.JUnitXMLReporter -->
<testsuite hostname="BOG06PROVL01.local" ignored="0" name="Default test(failed)" tests="1" failures="1" timestamp="04 jun 2018 04:13:11 GMT" time="34.15" errors="0">
  <testcase name="test_web_site_checkout_payu" time="12.36" classname="mobile.automation.regression.test.smokeTest_web_site">
    <failure type="java.lang.NullPointerException">
      <![CDATA[java.lang.NullPointerException
at org.openqa.selenium.support.ui.Select.<init>(Select.java:44)
at page.objects.web.chrome.PostCheckoutPageObjects.<init>(PostCheckoutPageObjects.java:30)
at mobile.automation.regression.test.smokeTest_web_site.test_web_site_checkout_payu(smokeTest_web_site.java:57)
... Removed 25 stack frames]]>
    </failure>
  </testcase> <!-- test_web_site_checkout_payu -->
</testsuite> <!-- Default test(failed) -->
