<?xml version="1.0" encoding="UTF-8"?>
<testng-results skipped="0" failed="0" ignored="0" total="1" passed="1">
  <reporter-output>
  </reporter-output>
  <suite name="Default suite" duration-ms="59934" started-at="2018-06-01T15:15:14Z" finished-at="2018-06-01T15:16:14Z">
    <groups>
    </groups>
    <test name="Default test" duration-ms="59934" started-at="2018-06-01T15:15:14Z" finished-at="2018-06-01T15:16:14Z">
      <class name="mobile.automation.regression.test.smokeTest_apk">
        <test-method status="PASS" signature="setUp()[pri:0, instance:mobile.automation.regression.test.smokeTest_apk@396e2f39]" name="setUp" is-config="true" duration-ms="10997" started-at="2018-06-01T15:15:14Z" finished-at="2018-06-01T15:15:25Z">
          <reporter-output>
          </reporter-output>
        </test-method> <!-- setUp -->
        <test-method status="PASS" signature="test_apk()[pri:0, instance:mobile.automation.regression.test.smokeTest_apk@396e2f39]" name="test_apk" duration-ms="46481" started-at="2018-06-01T15:15:25Z" finished-at="2018-06-01T15:16:11Z">
          <reporter-output>
          </reporter-output>
        </test-method> <!-- test_apk -->
        <test-method status="PASS" signature="tearDown()[pri:0, instance:mobile.automation.regression.test.smokeTest_apk@396e2f39]" name="tearDown" is-config="true" duration-ms="2410" started-at="2018-06-01T15:16:11Z" finished-at="2018-06-01T15:16:14Z">
          <reporter-output>
          </reporter-output>
        </test-method> <!-- tearDown -->
      </class> <!-- mobile.automation.regression.test.smokeTest_apk -->
    </test> <!-- Default test -->
  </suite> <!-- Default suite -->
</testng-results>
