<?xml version="1.0" encoding="UTF-8"?>
<testng-results skipped="0" failed="0" ignored="0" total="1" passed="1">
  <reporter-output>
  </reporter-output>
  <suite name="Default suite" duration-ms="56532" started-at="2018-06-01T03:22:47Z" finished-at="2018-06-01T03:23:44Z">
    <groups>
    </groups>
    <test name="Default test" duration-ms="56532" started-at="2018-06-01T03:22:47Z" finished-at="2018-06-01T03:23:44Z">
      <class name="mobile.automation.regression.test.smokeTest_apk">
        <test-method status="PASS" signature="setUp()[pri:0, instance:mobile.automation.regression.test.smokeTest_apk@396e2f39]" name="setUp" is-config="true" duration-ms="10760" started-at="2018-06-01T03:22:47Z" finished-at="2018-06-01T03:22:58Z">
          <reporter-output>
          </reporter-output>
        </test-method> <!-- setUp -->
        <test-method status="PASS" signature="test_apk()[pri:0, instance:mobile.automation.regression.test.smokeTest_apk@396e2f39]" name="test_apk" duration-ms="45729" started-at="2018-06-01T03:22:58Z" finished-at="2018-06-01T03:23:44Z">
          <reporter-output>
          </reporter-output>
        </test-method> <!-- test_apk -->
        <test-method status="PASS" signature="tearDown()[pri:0, instance:mobile.automation.regression.test.smokeTest_apk@396e2f39]" name="tearDown" is-config="true" duration-ms="0" started-at="2018-06-01T03:23:44Z" finished-at="2018-06-01T03:23:44Z">
          <reporter-output>
          </reporter-output>
        </test-method> <!-- tearDown -->
      </class> <!-- mobile.automation.regression.test.smokeTest_apk -->
    </test> <!-- Default test -->
  </suite> <!-- Default suite -->
</testng-results>
